Build started 27-Feb-11 8:31:02 PM.
     1>Project "E:\Projects\C++\msncrasher\msncrasher\protector\crashprotector\crashprotector.vcxproj" on node 4 (build target(s)).
     1>InitializeBuildStatus:
         Creating "Release\crashprotector.unsuccessfulbuild" because "AlwaysCreate" was specified.
       ClCompile:
         e:\Program Files (x86)\Microsoft Visual Studio 10.0\VC\bin\CL.exe /c /Zi /nologo /W3 /WX- /O2 /Oi /Oy- /GL /D WIN32 /D NDEBUG /D _WINDOWS /D _USRDLL /D CRASHPROTECTOR_EXPORTS /D _WINDLL /D _UNICODE /D UNICODE /Gm- /EHsc /MT /GS /Gy /fp:precise /Zc:wchar_t /Zc:forScope /Fo"Release\\" /Fd"Release\vc100.pdb" /Gd /TP /analyze- /errorReport:prompt dllmain.cpp
         dllmain.cpp
     1>dllmain.cpp(344): warning C4244: 'argument' : conversion from 'const wchar_t' to 'std::ctype<char>::_Elem', possible loss of data
       Link:
         e:\Program Files (x86)\Microsoft Visual Studio 10.0\VC\bin\link.exe /ERRORREPORT:PROMPT /OUT:"E:\Projects\C++\msncrasher\msncrasher\Release\crashprotector.dll" /INCREMENTAL:NO /NOLOGO Ws2_32.lib detours.lib kernel32.lib user32.lib gdi32.lib winspool.lib comdlg32.lib advapi32.lib shell32.lib ole32.lib oleaut32.lib uuid.lib odbc32.lib odbccp32.lib /NODEFAULTLIB:msvcrt.lib /MANIFEST /ManifestFile:"Release\crashprotector.dll.intermediate.manifest" /MANIFESTUAC:"level='asInvoker' uiAccess='false'" /DEBUG /PDB:"E:\Projects\C++\msncrasher\msncrasher\Release\crashprotector.pdb" /SUBSYSTEM:WINDOWS /OPT:REF /OPT:ICF /LTCG /TLBID:1 /DYNAMICBASE /NXCOMPAT /IMPLIB:"E:\Projects\C++\msncrasher\msncrasher\Release\crashprotector.lib" /MACHINE:X86 /DLL Release\dllmain.obj
         Generating code
         Finished generating code
         crashprotector.vcxproj -> E:\Projects\C++\msncrasher\msncrasher\Release\crashprotector.dll
       Manifest:
         C:\Program Files (x86)\Microsoft SDKs\Windows\v7.0A\bin\mt.exe /nologo /verbose /outputresource:"E:\Projects\C++\msncrasher\msncrasher\Release\crashprotector.dll;#2" /manifest Release\crashprotector.dll.intermediate.manifest
       FinalizeBuildStatus:
         Deleting file "Release\crashprotector.unsuccessfulbuild".
         Touching "Release\crashprotector.lastbuildstate".
     1>Done Building Project "E:\Projects\C++\msncrasher\msncrasher\protector\crashprotector\crashprotector.vcxproj" (build target(s)).

Build succeeded.

Time Elapsed 00:00:19.04
