Build started 27-Feb-11 8:30:59 PM.
     1>Project "E:\Projects\C++\msncrasher\msncrasher\spammer\msnspammer\msnspammer.vcxproj" on node 4 (build target(s)).
     1>InitializeBuildStatus:
         Creating "Release\msnspammer.unsuccessfulbuild" because "AlwaysCreate" was specified.
       ClCompile:
         e:\Program Files (x86)\Microsoft Visual Studio 10.0\VC\bin\CL.exe /c /Zi /nologo /W3 /WX- /O2 /Oi /Oy- /GL /D WIN32 /D NDEBUG /D _WINDOWS /D _USRDLL /D MSNSPAMMER_EXPORTS /D _WINDLL /D _UNICODE /D UNICODE /Gm- /EHsc /MT /GS /Gy /fp:precise /Zc:wchar_t /Zc:forScope /Fo"Release\\" /Fd"Release\vc100.pdb" /Gd /TP /analyze- /errorReport:prompt Main.cpp
         Main.cpp
       ResourceCompile:
         All outputs are up-to-date.
       Link:
         e:\Program Files (x86)\Microsoft Visual Studio 10.0\VC\bin\link.exe /ERRORREPORT:PROMPT /OUT:"E:\Projects\C++\msncrasher\msncrasher\Release\msnspammer.dll" /INCREMENTAL:NO /NOLOGO Ws2_32.lib kernel32.lib user32.lib gdi32.lib winspool.lib comdlg32.lib advapi32.lib shell32.lib ole32.lib oleaut32.lib uuid.lib odbc32.lib odbccp32.lib /NODEFAULTLIB:msvcrt.lib /MANIFEST /ManifestFile:"Release\msnspammer.dll.intermediate.manifest" /MANIFESTUAC:"level='asInvoker' uiAccess='false'" /DEBUG /PDB:"E:\Projects\C++\msncrasher\msncrasher\Release\msnspammer.pdb" /SUBSYSTEM:WINDOWS /OPT:REF /OPT:ICF /LTCG /TLBID:1 /DYNAMICBASE /NXCOMPAT /IMPLIB:"E:\Projects\C++\msncrasher\msncrasher\Release\msnspammer.lib" /MACHINE:X86 /DLL Release\msnspammer.res
         Release\Main.obj
         Generating code
         Finished generating code
         msnspammer.vcxproj -> E:\Projects\C++\msncrasher\msncrasher\Release\msnspammer.dll
       Manifest:
         C:\Program Files (x86)\Microsoft SDKs\Windows\v7.0A\bin\mt.exe /nologo /verbose /outputresource:"E:\Projects\C++\msncrasher\msncrasher\Release\msnspammer.dll;#2" /manifest Release\msnspammer.dll.intermediate.manifest
       FinalizeBuildStatus:
         Deleting file "Release\msnspammer.unsuccessfulbuild".
         Touching "Release\msnspammer.lastbuildstate".
     1>Done Building Project "E:\Projects\C++\msncrasher\msncrasher\spammer\msnspammer\msnspammer.vcxproj" (build target(s)).

Build succeeded.

Time Elapsed 00:00:20.87
