E:\PROJECTS\C++\MSNCRASHER\MSNCRASHER\RELEASE\MSNSPAMMER.DLL
E:\PROJECTS\C++\MSNCRASHER\MSNCRASHER\RELEASE\MSNSPAMMER.PDB
E:\Projects\C++\msncrasher\msncrasher\spammer\msnspammer\Release\cl.command.1.tlog
E:\Projects\C++\msncrasher\msncrasher\spammer\msnspammer\Release\CL.read.1.tlog
E:\Projects\C++\msncrasher\msncrasher\spammer\msnspammer\Release\CL.write.1.tlog
E:\Projects\C++\msncrasher\msncrasher\spammer\msnspammer\Release\link.command.1.tlog
E:\Projects\C++\msncrasher\msncrasher\spammer\msnspammer\Release\link.read.1.tlog
E:\Projects\C++\msncrasher\msncrasher\spammer\msnspammer\Release\link.write.1.tlog
E:\Projects\C++\msncrasher\msncrasher\spammer\msnspammer\Release\link-cvtres.read.1.tlog
E:\Projects\C++\msncrasher\msncrasher\spammer\msnspammer\Release\link-cvtres.write.1.tlog
E:\PROJECTS\C++\MSNCRASHER\MSNCRASHER\SPAMMER\MSNSPAMMER\RELEASE\MAIN.OBJ
E:\PROJECTS\C++\MSNCRASHER\MSNCRASHER\SPAMMER\MSNSPAMMER\RELEASE\MSNSPAMMER.DLL.INTERMEDIATE.MANIFEST
E:\PROJECTS\C++\MSNCRASHER\MSNCRASHER\SPAMMER\MSNSPAMMER\RELEASE\MSNSPAMMER.RES
E:\Projects\C++\msncrasher\msncrasher\spammer\msnspammer\Release\mt.command.1.tlog
E:\Projects\C++\msncrasher\msncrasher\spammer\msnspammer\Release\mt.read.1.tlog
E:\Projects\C++\msncrasher\msncrasher\spammer\msnspammer\Release\mt.write.1.tlog
E:\Projects\C++\msncrasher\msncrasher\spammer\msnspammer\Release\rc.command.1.tlog
E:\Projects\C++\msncrasher\msncrasher\spammer\msnspammer\Release\rc.read.1.tlog
E:\Projects\C++\msncrasher\msncrasher\spammer\msnspammer\Release\rc.write.1.tlog
E:\PROJECTS\C++\MSNCRASHER\MSNCRASHER\SPAMMER\MSNSPAMMER\RELEASE\VC100.PDB
