E:\Projects\C++\msncrasher\msncrasher\msnloader\msnloader\Release\cl.command.1.tlog
E:\Projects\C++\msncrasher\msncrasher\msnloader\msnloader\Release\CL.read.1.tlog
E:\Projects\C++\msncrasher\msncrasher\msnloader\msnloader\Release\CL.write.1.tlog
E:\PROJECTS\C++\MSNCRASHER\MSNCRASHER\MSNLOADER\MSNLOADER\RELEASE\GDI.OBJ
E:\PROJECTS\C++\MSNCRASHER\MSNCRASHER\MSNLOADER\MSNLOADER\RELEASE\GUI.OBJ
E:\PROJECTS\C++\MSNCRASHER\MSNCRASHER\MSNLOADER\MSNLOADER\RELEASE\INJECTION.OBJ
E:\Projects\C++\msncrasher\msncrasher\msnloader\msnloader\Release\link.command.1.tlog
E:\Projects\C++\msncrasher\msncrasher\msnloader\msnloader\Release\link.read.1.tlog
E:\Projects\C++\msncrasher\msncrasher\msnloader\msnloader\Release\link.write.1.tlog
E:\Projects\C++\msncrasher\msncrasher\msnloader\msnloader\Release\link-cvtres.read.1.tlog
E:\Projects\C++\msncrasher\msncrasher\msnloader\msnloader\Release\link-cvtres.write.1.tlog
E:\PROJECTS\C++\MSNCRASHER\MSNCRASHER\MSNLOADER\MSNLOADER\RELEASE\MSNLOADER.EXE.INTERMEDIATE.MANIFEST
E:\PROJECTS\C++\MSNCRASHER\MSNCRASHER\MSNLOADER\MSNLOADER\RELEASE\MSNLOADER.RES
E:\Projects\C++\msncrasher\msncrasher\msnloader\msnloader\Release\mt.command.1.tlog
E:\Projects\C++\msncrasher\msncrasher\msnloader\msnloader\Release\mt.read.1.tlog
E:\Projects\C++\msncrasher\msncrasher\msnloader\msnloader\Release\mt.write.1.tlog
E:\Projects\C++\msncrasher\msncrasher\msnloader\msnloader\Release\rc.command.1.tlog
E:\Projects\C++\msncrasher\msncrasher\msnloader\msnloader\Release\rc.read.1.tlog
E:\Projects\C++\msncrasher\msncrasher\msnloader\msnloader\Release\rc.write.1.tlog
E:\PROJECTS\C++\MSNCRASHER\MSNCRASHER\MSNLOADER\MSNLOADER\RELEASE\VC100.PDB
E:\PROJECTS\C++\MSNCRASHER\MSNCRASHER\RELEASE\MSNLOADER.EXE
E:\PROJECTS\C++\MSNCRASHER\MSNCRASHER\RELEASE\MSNLOADER.PDB
