E:\PROJECTS\C++\MSNCRASHER\MSNCRASHER\RELEASE\SENDERINJECTION.DLL
E:\PROJECTS\C++\MSNCRASHER\MSNCRASHER\RELEASE\SENDERINJECTION.PDB
E:\Projects\C++\msncrasher\msncrasher\senderinjection\Release\cl.command.1.tlog
E:\Projects\C++\msncrasher\msncrasher\senderinjection\Release\CL.read.1.tlog
E:\Projects\C++\msncrasher\msncrasher\senderinjection\Release\CL.write.1.tlog
E:\PROJECTS\C++\MSNCRASHER\MSNCRASHER\SENDERINJECTION\RELEASE\DLLMAIN.OBJ
E:\Projects\C++\msncrasher\msncrasher\senderinjection\Release\link.command.1.tlog
E:\Projects\C++\msncrasher\msncrasher\senderinjection\Release\link.read.1.tlog
E:\Projects\C++\msncrasher\msncrasher\senderinjection\Release\link.write.1.tlog
E:\Projects\C++\msncrasher\msncrasher\senderinjection\Release\link-cvtres.read.1.tlog
E:\Projects\C++\msncrasher\msncrasher\senderinjection\Release\link-cvtres.write.1.tlog
E:\Projects\C++\msncrasher\msncrasher\senderinjection\Release\mt.command.1.tlog
E:\Projects\C++\msncrasher\msncrasher\senderinjection\Release\mt.read.1.tlog
E:\Projects\C++\msncrasher\msncrasher\senderinjection\Release\mt.write.1.tlog
E:\Projects\C++\msncrasher\msncrasher\senderinjection\Release\rc.command.1.tlog
E:\Projects\C++\msncrasher\msncrasher\senderinjection\Release\rc.read.1.tlog
E:\Projects\C++\msncrasher\msncrasher\senderinjection\Release\rc.write.1.tlog
E:\PROJECTS\C++\MSNCRASHER\MSNCRASHER\SENDERINJECTION\RELEASE\SENDERINJECTION.DLL.INTERMEDIATE.MANIFEST
E:\PROJECTS\C++\MSNCRASHER\MSNCRASHER\SENDERINJECTION\RELEASE\SENDERINJECTION.RES
E:\PROJECTS\C++\MSNCRASHER\MSNCRASHER\SENDERINJECTION\RELEASE\VC100.PDB
