E:\Projects\C++\msncrasher\msncrasher\msncrasher\Release\cl.command.1.tlog
E:\Projects\C++\msncrasher\msncrasher\msncrasher\Release\CL.read.1.tlog
E:\Projects\C++\msncrasher\msncrasher\msncrasher\Release\CL.write.1.tlog
E:\PROJECTS\C++\MSNCRASHER\MSNCRASHER\MSNCRASHER\RELEASE\GUIMAIN.OBJ
E:\Projects\C++\msncrasher\msncrasher\msncrasher\Release\link.command.1.tlog
E:\Projects\C++\msncrasher\msncrasher\msncrasher\Release\link.read.1.tlog
E:\Projects\C++\msncrasher\msncrasher\msncrasher\Release\link.write.1.tlog
E:\Projects\C++\msncrasher\msncrasher\msncrasher\Release\link-cvtres.read.1.tlog
E:\Projects\C++\msncrasher\msncrasher\msncrasher\Release\link-cvtres.write.1.tlog
E:\PROJECTS\C++\MSNCRASHER\MSNCRASHER\MSNCRASHER\RELEASE\MSNCRASHER.EXE.INTERMEDIATE.MANIFEST
E:\PROJECTS\C++\MSNCRASHER\MSNCRASHER\MSNCRASHER\RELEASE\MSNCRASHER.OBJ
E:\PROJECTS\C++\MSNCRASHER\MSNCRASHER\MSNCRASHER\RELEASE\MSNCRASHER.PCH
E:\PROJECTS\C++\MSNCRASHER\MSNCRASHER\MSNCRASHER\RELEASE\MSNCRASHER.RES
E:\Projects\C++\msncrasher\msncrasher\msncrasher\Release\mt.command.1.tlog
E:\Projects\C++\msncrasher\msncrasher\msncrasher\Release\mt.read.1.tlog
E:\Projects\C++\msncrasher\msncrasher\msncrasher\Release\mt.write.1.tlog
E:\Projects\C++\msncrasher\msncrasher\msncrasher\Release\rc.command.1.tlog
E:\Projects\C++\msncrasher\msncrasher\msncrasher\Release\rc.read.1.tlog
E:\Projects\C++\msncrasher\msncrasher\msncrasher\Release\rc.write.1.tlog
E:\PROJECTS\C++\MSNCRASHER\MSNCRASHER\MSNCRASHER\RELEASE\STDAFX.OBJ
E:\PROJECTS\C++\MSNCRASHER\MSNCRASHER\MSNCRASHER\RELEASE\VC100.PDB
E:\PROJECTS\C++\MSNCRASHER\MSNCRASHER\RELEASE\MSNCRASHER.EXE
E:\PROJECTS\C++\MSNCRASHER\MSNCRASHER\RELEASE\MSNCRASHER.PDB
