E:\Projects\C++\msncrasher\msncrasher\msnhack\Release\cl.command.1.tlog
E:\Projects\C++\msncrasher\msncrasher\msnhack\Release\CL.read.1.tlog
E:\Projects\C++\msncrasher\msncrasher\msnhack\Release\CL.write.1.tlog
E:\Projects\C++\msncrasher\msncrasher\msnhack\Release\link.command.1.tlog
E:\Projects\C++\msncrasher\msncrasher\msnhack\Release\link.read.1.tlog
E:\Projects\C++\msncrasher\msncrasher\msnhack\Release\link.write.1.tlog
E:\Projects\C++\msncrasher\msncrasher\msnhack\Release\link-cvtres.read.1.tlog
E:\Projects\C++\msncrasher\msncrasher\msnhack\Release\link-cvtres.write.1.tlog
E:\PROJECTS\C++\MSNCRASHER\MSNCRASHER\MSNHACK\RELEASE\MAIN.OBJ
E:\PROJECTS\C++\MSNCRASHER\MSNCRASHER\MSNHACK\RELEASE\MSNAUTHENTICATOR.OBJ
E:\Projects\C++\msncrasher\msncrasher\msnhack\Release\msnhack.dll.intermediate.manifest
E:\PROJECTS\C++\MSNCRASHER\MSNCRASHER\MSNHACK\RELEASE\MSNHACK.RES
E:\Projects\C++\msncrasher\msncrasher\msnhack\Release\mt.command.1.tlog
E:\Projects\C++\msncrasher\msncrasher\msnhack\Release\mt.read.1.tlog
E:\Projects\C++\msncrasher\msncrasher\msnhack\Release\mt.write.1.tlog
E:\Projects\C++\msncrasher\msncrasher\msnhack\Release\rc.command.1.tlog
E:\Projects\C++\msncrasher\msncrasher\msnhack\Release\rc.read.1.tlog
E:\Projects\C++\msncrasher\msncrasher\msnhack\Release\rc.write.1.tlog
E:\PROJECTS\C++\MSNCRASHER\MSNCRASHER\MSNHACK\RELEASE\VC100.PDB
E:\PROJECTS\C++\MSNCRASHER\MSNCRASHER\RELEASE\MSNHACK.DLL
E:\Projects\C++\msncrasher\msncrasher\Release\msnhack.pdb
